# JRE version: OpenJDK Runtime Environment Corretto-17.0.9.8.1 (17.0.9+8) (build 17.0.9+8-LTS)
# Java VM: OpenJDK 64-Bit Server VM Corretto-17.0.9.8.1 (17.0.9+8-LTS, mixed mode, emulated-client, sharing, tiered, compressed oops, compressed class ptrs, g1 gc, windows-amd64)
GC Precious Log:
 CPUs: 4 total, 4 available
 Memory: 3806M
 Large Page Support: Disabled
 NUMA Support: Disabled
 Compressed Oops: Enabled (32-bit)
 Heap Region Size: 1M
 Heap Min Capacity: 8M
 Heap Initial Capacity: 60M
 Heap Max Capacity: 952M
 Pre-touch: Disabled
 Parallel Workers: 4
 Concurrent Workers: 1
 Concurrent Refinement Workers: 4
 Periodic GC: Disabled
Heap:
 garbage-first heap   total 51200K, used 30029K [0x00000000c4800000, 0x0000000100000000)
  region size 1024K, 3 young (3072K), 2 survivors (2048K)
 Metaspace       used 63770K, committed 64448K, reserved 1114112K
  class space    used 9162K, committed 9472K, reserved 1048576K
GC Heap History (20 events):
Event: 8.206 GC heap before
{Heap before GC invocations=10 (full 0):
 garbage-first heap   total 51200K, used 38449K [0x00000000c4800000, 0x0000000100000000)
  region size 1024K, 22 young (22528K), 2 survivors (2048K)
 Metaspace       used 31931K, committed 32448K, reserved 1114112K
  class space    used 4484K, committed 4736K, reserved 1048576K
}
Event: 8.213 GC heap after
{Heap after GC invocations=11 (full 0):
 garbage-first heap   total 51200K, used 19001K [0x00000000c4800000, 0x0000000100000000)
  region size 1024K, 2 young (2048K), 2 survivors (2048K)
 Metaspace       used 31931K, committed 32448K, reserved 1114112K
  class space    used 4484K, committed 4736K, reserved 1048576K
}
Event: 8.870 GC heap before
{Heap before GC invocations=11 (full 0):
 garbage-first heap   total 51200K, used 33337K [0x00000000c4800000, 0x0000000100000000)
  region size 1024K, 17 young (17408K), 2 survivors (2048K)
 Metaspace       used 35656K, committed 36096K, reserved 1114112K
  class space    used 5065K, committed 5248K, reserved 1048576K
}
Event: 8.874 GC heap after
{Heap after GC invocations=12 (full 0):
 garbage-first heap   total 51200K, used 19940K [0x00000000c4800000, 0x0000000100000000)
  region size 1024K, 2 young (2048K), 2 survivors (2048K)
 Metaspace       used 35656K, committed 36096K, reserved 1114112K
  class space    used 5065K, committed 5248K, reserved 1048576K
}
Event: 10.263 GC heap before
{Heap before GC invocations=13 (full 0):
 garbage-first heap   total 51200K, used 39396K [0x00000000c4800000, 0x0000000100000000)
  region size 1024K, 21 young (21504K), 2 survivors (2048K)
 Metaspace       used 43335K, committed 43776K, reserved 1114112K
  class space    used 6056K, committed 6272K, reserved 1048576K
}
Event: 10.269 GC heap after
{Heap after GC invocations=14 (full 0):
 garbage-first heap   total 51200K, used 22139K [0x00000000c4800000, 0x0000000100000000)
  region size 1024K, 3 young (3072K), 3 survivors (3072K)
 Metaspace       used 43335K, committed 43776K, reserved 1114112K
  class space    used 6056K, committed 6272K, reserved 1048576K
}
Event: 10.919 GC heap before
{Heap before GC invocations=15 (full 0):
 garbage-first heap   total 51200K, used 38523K [0x00000000c4800000, 0x0000000100000000)
  region size 1024K, 20 young (20480K), 3 survivors (3072K)
 Metaspace       used 47536K, committed 48000K, reserved 1114112K
  class space    used 6605K, committed 6784K, reserved 1048576K
}
Event: 10.924 GC heap after
{Heap after GC invocations=16 (full 0):
 garbage-first heap   total 51200K, used 23191K [0x00000000c4800000, 0x0000000100000000)
  region size 1024K, 2 young (2048K), 2 survivors (2048K)
 Metaspace       used 47536K, committed 48000K, reserved 1114112K
  class space    used 6605K, committed 6784K, reserved 1048576K
}
Event: 11.660 GC heap before
{Heap before GC invocations=16 (full 0):
 garbage-first heap   total 51200K, used 38551K [0x00000000c4800000, 0x0000000100000000)
  region size 1024K, 18 young (18432K), 2 survivors (2048K)
 Metaspace       used 52211K, committed 52672K, reserved 1114112K
  class space    used 7485K, committed 7680K, reserved 1048576K
}
Event: 11.663 GC heap after
{Heap after GC invocations=17 (full 0):
 garbage-first heap   total 51200K, used 23646K [0x00000000c4800000, 0x0000000100000000)
  region size 1024K, 2 young (2048K), 2 survivors (2048K)
 Metaspace       used 52211K, committed 52672K, reserved 1114112K
  class space    used 7485K, committed 7680K, reserved 1048576K
}
Event: 12.354 GC heap before
{Heap before GC invocations=17 (full 0):
 garbage-first heap   total 51200K, used 40030K [0x00000000c4800000, 0x0000000100000000)
  region size 1024K, 19 young (19456K), 2 survivors (2048K)
 Metaspace       used 56061K, committed 56512K, reserved 1114112K
  class space    used 7989K, committed 8192K, reserved 1048576K
}
Event: 12.360 GC heap after
{Heap after GC invocations=18 (full 0):
 garbage-first heap   total 51200K, used 24915K [0x00000000c4800000, 0x0000000100000000)
  region size 1024K, 3 young (3072K), 3 survivors (3072K)
 Metaspace       used 56061K, committed 56512K, reserved 1114112K
  class space    used 7989K, committed 8192K, reserved 1048576K
}
Event: 12.839 GC heap before
{Heap before GC invocations=18 (full 0):
 garbage-first heap   total 51200K, used 41299K [0x00000000c4800000, 0x0000000100000000)
  region size 1024K, 19 young (19456K), 3 survivors (3072K)
 Metaspace       used 58194K, committed 58752K, reserved 1114112K
  class space    used 8343K, committed 8640K, reserved 1048576K
}
Event: 12.845 GC heap after
{Heap after GC invocations=19 (full 0):
 garbage-first heap   total 51200K, used 26052K [0x00000000c4800000, 0x0000000100000000)
  region size 1024K, 3 young (3072K), 3 survivors (3072K)
 Metaspace       used 58194K, committed 58752K, reserved 1114112K
  class space    used 8343K, committed 8640K, reserved 1048576K
}
Event: 13.295 GC heap before
{Heap before GC invocations=19 (full 0):
 garbage-first heap   total 51200K, used 40388K [0x00000000c4800000, 0x0000000100000000)
  region size 1024K, 17 young (17408K), 3 survivors (3072K)
 Metaspace       used 59688K, committed 60224K, reserved 1114112K
  class space    used 8560K, committed 8832K, reserved 1048576K
}
Event: 13.302 GC heap after
{Heap after GC invocations=20 (full 0):
 garbage-first heap   total 51200K, used 27367K [0x00000000c4800000, 0x0000000100000000)
  region size 1024K, 3 young (3072K), 3 survivors (3072K)
 Metaspace       used 59688K, committed 60224K, reserved 1114112K
  class space    used 8560K, committed 8832K, reserved 1048576K
}
Event: 13.746 GC heap before
{Heap before GC invocations=21 (full 0):
 garbage-first heap   total 51200K, used 40679K [0x00000000c4800000, 0x0000000100000000)
  region size 1024K, 16 young (16384K), 3 survivors (3072K)
 Metaspace       used 61259K, committed 61824K, reserved 1114112K
  class space    used 8840K, committed 9088K, reserved 1048576K
}
Event: 13.752 GC heap after
{Heap after GC invocations=22 (full 0):
 garbage-first heap   total 51200K, used 28984K [0x00000000c4800000, 0x0000000100000000)
  region size 1024K, 2 young (2048K), 2 survivors (2048K)
 Metaspace       used 61259K, committed 61824K, reserved 1114112K
  class space    used 8840K, committed 9088K, reserved 1048576K
}
Event: 26.561 GC heap before
{Heap before GC invocations=22 (full 0):
 garbage-first heap   total 51200K, used 40248K [0x00000000c4800000, 0x0000000100000000)
  region size 1024K, 14 young (14336K), 2 survivors (2048K)
 Metaspace       used 63660K, committed 64256K, reserved 1114112K
  class space    used 9156K, committed 9472K, reserved 1048576K
}
Event: 26.601 GC heap after
{Heap after GC invocations=23 (full 0):
 garbage-first heap   total 51200K, used 30029K [0x00000000c4800000, 0x0000000100000000)
  region size 1024K, 2 young (2048K), 2 survivors (2048K)
 Metaspace       used 63660K, committed 64256K, reserved 1114112K
  class space    used 9156K, committed 9472K, reserved 1048576K
}

